2025-09-15 23:29:53 - INFO - com.example.gsm.GsmApplication - Starting GsmApplication using Java 23.0.1 with PID 33878 (/Users/nguyenvandai/Downloads/GSM1/GSM/target/classes started by nguyenvandai in /Users/nguyenvandai/Downloads/GSM1/GSM)
2025-09-15 23:29:53 - DEBUG - com.example.gsm.GsmApplication - Running with Spring Boot v3.5.5, Spring v6.2.10
2025-09-15 23:29:53 - INFO - com.example.gsm.GsmApplication - No active profile set, falling back to 1 default profile: "default"
2025-09-15 23:29:53 - INFO - o.s.b.d.e.DevToolsPropertyDefaultsPostProcessor - Devtools property defaults active! Set 'spring.devtools.add-properties' to 'false' to disable
2025-09-15 23:29:53 - INFO - o.s.b.d.e.DevToolsPropertyDefaultsPostProcessor - For additional web related logging consider setting the 'logging.level.web' property to 'DEBUG'
2025-09-15 23:29:53 - INFO - o.s.d.r.c.RepositoryConfigurationDelegate - Bootstrapping Spring Data MongoDB repositories in DEFAULT mode.
2025-09-15 23:29:53 - INFO - o.s.d.r.c.RepositoryConfigurationDelegate - Finished Spring Data repository scanning in 41 ms. Found 8 MongoDB repository interfaces.
2025-09-15 23:29:54 - INFO - o.s.b.w.e.tomcat.TomcatWebServer - Tomcat initialized with port 9090 (http)
2025-09-15 23:29:54 - INFO - o.a.catalina.core.StandardService - Starting service [Tomcat]
2025-09-15 23:29:54 - INFO - o.a.catalina.core.StandardEngine - Starting Servlet engine: [Apache Tomcat/10.1.44]
2025-09-15 23:29:54 - INFO - o.a.c.c.C.[Tomcat].[localhost].[/] - Initializing Spring embedded WebApplicationContext
2025-09-15 23:29:54 - INFO - o.s.b.w.s.c.ServletWebServerApplicationContext - Root WebApplicationContext: initialization completed in 757 ms
2025-09-15 23:29:54 - DEBUG - c.e.gsm.configurations.JwtAuthFilter - Filter 'jwtAuthFilter' configured for use
2025-09-15 23:29:54 - INFO - org.mongodb.driver.client - MongoClient with metadata {"application": {"name": "JapanSim"}, "driver": {"name": "mongo-java-driver|sync|spring-boot", "version": "5.5.1"}, "os": {"type": "Darwin", "name": "Mac OS X", "architecture": "aarch64", "version": "14.4.1"}, "platform": "Java/Oracle Corporation/23.0.1+11-39"} created with settings MongoClientSettings{readPreference=primary, writeConcern=WriteConcern{w=majority, wTimeout=null ms, journal=null}, retryWrites=true, retryReads=true, readConcern=ReadConcern{level=null}, credential=MongoCredential{mechanism=null, userName='DevWork', source='admin', password=<hidden>, mechanismProperties=<hidden>}, transportSettings=null, commandListeners=[], codecRegistry=ProvidersCodecRegistry{codecProviders=[ValueCodecProvider{}, BsonValueCodecProvider{}, DBRefCodecProvider{}, DBObjectCodecProvider{}, DocumentCodecProvider{}, CollectionCodecProvider{}, IterableCodecProvider{}, MapCodecProvider{}, GeoJsonCodecProvider{}, GridFSFileCodecProvider{}, Jsr310CodecProvider{}, JsonObjectCodecProvider{}, BsonCodecProvider{}, EnumCodecProvider{}, com.mongodb.client.model.mql.ExpressionCodecProvider@549bb238, com.mongodb.Jep395RecordCodecProvider@4b2d9007, com.mongodb.KotlinCodecProvider@26e1ee5a]}, loggerSettings=LoggerSettings{maxDocumentLength=1000}, clusterSettings={hosts=[127.0.0.1:27017], srvHost=devwork.9mshdom.mongodb.net, srvServiceName=mongodb, mode=MULTIPLE, requiredClusterType=REPLICA_SET, requiredReplicaSetName='atlas-c8llrq-shard-0', serverSelector='null', clusterListeners='[]', serverSelectionTimeout='30000 ms', localThreshold='15 ms'}, socketSettings=SocketSettings{connectTimeoutMS=10000, readTimeoutMS=0, receiveBufferSize=0, proxySettings=ProxySettings{host=null, port=null, username=null, password=null}}, heartbeatSocketSettings=SocketSettings{connectTimeoutMS=10000, readTimeoutMS=10000, receiveBufferSize=0, proxySettings=ProxySettings{host=null, port=null, username=null, password=null}}, connectionPoolSettings=ConnectionPoolSettings{maxSize=100, minSize=0, maxWaitTimeMS=120000, maxConnectionLifeTimeMS=0, maxConnectionIdleTimeMS=0, maintenanceInitialDelayMS=0, maintenanceFrequencyMS=60000, connectionPoolListeners=[], maxConnecting=2}, serverSettings=ServerSettings{heartbeatFrequencyMS=10000, minHeartbeatFrequencyMS=500, serverMonitoringMode=AUTO, serverListeners='[]', serverMonitorListeners='[]'}, sslSettings=SslSettings{enabled=true, invalidHostNameAllowed=false, context=null}, applicationName='JapanSim', compressorList=[], uuidRepresentation=JAVA_LEGACY, serverApi=null, autoEncryptionSettings=null, dnsClient=null, inetAddressResolver=null, contextProvider=null, timeoutMS=null}
2025-09-15 23:29:54 - INFO - org.mongodb.driver.cluster - Adding discovered server ac-vhhgy5d-shard-00-02.9mshdom.mongodb.net:27017 to client view of cluster
2025-09-15 23:29:54 - INFO - org.mongodb.driver.cluster - Adding discovered server ac-vhhgy5d-shard-00-00.9mshdom.mongodb.net:27017 to client view of cluster
2025-09-15 23:29:54 - INFO - org.mongodb.driver.cluster - Adding discovered server ac-vhhgy5d-shard-00-01.9mshdom.mongodb.net:27017 to client view of cluster
2025-09-15 23:29:54 - INFO - o.s.b.d.a.OptionalLiveReloadServer - LiveReload server is running on port 35729
2025-09-15 23:29:54 - WARN - o.s.b.a.s.s.UserDetailsServiceAutoConfiguration - 

Using generated security password: 61cabbef-a0dc-4249-a4c3-e16519163d1a

This generated password is for development use only. Your security configuration must be updated before running your application in production.

2025-09-15 23:29:54 - INFO - o.s.s.c.a.a.c.InitializeUserDetailsBeanManagerConfigurer$InitializeUserDetailsManagerConfigurer - Global AuthenticationManager configured with UserDetailsService bean with name inMemoryUserDetailsManager
2025-09-15 23:29:54 - INFO - org.mongodb.driver.cluster - Monitor thread successfully connected to server with description ServerDescription{address=ac-vhhgy5d-shard-00-01.9mshdom.mongodb.net:27017, type=REPLICA_SET_PRIMARY, cryptd=false, state=CONNECTED, ok=true, minWireVersion=0, maxWireVersion=25, maxDocumentSize=16777216, logicalSessionTimeoutMinutes=30, roundTripTimeNanos=286586708, minRoundTripTimeNanos=0, setName='atlas-c8llrq-shard-0', canonicalAddress=ac-vhhgy5d-shard-00-01.9mshdom.mongodb.net:27017, hosts=[ac-vhhgy5d-shard-00-00.9mshdom.mongodb.net:27017, ac-vhhgy5d-shard-00-01.9mshdom.mongodb.net:27017, ac-vhhgy5d-shard-00-02.9mshdom.mongodb.net:27017], passives=[], arbiters=[], primary='ac-vhhgy5d-shard-00-01.9mshdom.mongodb.net:27017', tagSet=TagSet{[Tag{name='availabilityZone', value='asia-southeast1-b'}, Tag{name='diskState', value='READY'}, Tag{name='nodeType', value='ELECTABLE'}, Tag{name='provider', value='GCP'}, Tag{name='region', value='SOUTHEASTERN_ASIA_PACIFIC'}, Tag{name='workloadType', value='OPERATIONAL'}]}, electionId=7fffffff000000000000009d, setVersion=22, topologyVersion=TopologyVersion{processId=68c458fecec02aaa9d2c763e, counter=6}, lastWriteDate=Mon Sep 15 23:29:54 GMT+07:00 2025, lastUpdateTimeNanos=12931045611791}
2025-09-15 23:29:54 - INFO - org.mongodb.driver.cluster - Monitor thread successfully connected to server with description ServerDescription{address=ac-vhhgy5d-shard-00-02.9mshdom.mongodb.net:27017, type=REPLICA_SET_SECONDARY, cryptd=false, state=CONNECTED, ok=true, minWireVersion=0, maxWireVersion=25, maxDocumentSize=16777216, logicalSessionTimeoutMinutes=30, roundTripTimeNanos=286599125, minRoundTripTimeNanos=0, setName='atlas-c8llrq-shard-0', canonicalAddress=ac-vhhgy5d-shard-00-02.9mshdom.mongodb.net:27017, hosts=[ac-vhhgy5d-shard-00-00.9mshdom.mongodb.net:27017, ac-vhhgy5d-shard-00-01.9mshdom.mongodb.net:27017, ac-vhhgy5d-shard-00-02.9mshdom.mongodb.net:27017], passives=[], arbiters=[], primary='ac-vhhgy5d-shard-00-01.9mshdom.mongodb.net:27017', tagSet=TagSet{[Tag{name='availabilityZone', value='asia-southeast1-c'}, Tag{name='diskState', value='READY'}, Tag{name='nodeType', value='ELECTABLE'}, Tag{name='provider', value='GCP'}, Tag{name='region', value='SOUTHEASTERN_ASIA_PACIFIC'}, Tag{name='workloadType', value='OPERATIONAL'}]}, electionId=null, setVersion=22, topologyVersion=TopologyVersion{processId=68c45dad6298397cccc9f5de, counter=3}, lastWriteDate=Mon Sep 15 23:29:54 GMT+07:00 2025, lastUpdateTimeNanos=12931045620291}
2025-09-15 23:29:54 - INFO - org.mongodb.driver.cluster - Monitor thread successfully connected to server with description ServerDescription{address=ac-vhhgy5d-shard-00-00.9mshdom.mongodb.net:27017, type=REPLICA_SET_SECONDARY, cryptd=false, state=CONNECTED, ok=true, minWireVersion=0, maxWireVersion=25, maxDocumentSize=16777216, logicalSessionTimeoutMinutes=30, roundTripTimeNanos=286601667, minRoundTripTimeNanos=0, setName='atlas-c8llrq-shard-0', canonicalAddress=ac-vhhgy5d-shard-00-00.9mshdom.mongodb.net:27017, hosts=[ac-vhhgy5d-shard-00-00.9mshdom.mongodb.net:27017, ac-vhhgy5d-shard-00-01.9mshdom.mongodb.net:27017, ac-vhhgy5d-shard-00-02.9mshdom.mongodb.net:27017], passives=[], arbiters=[], primary='ac-vhhgy5d-shard-00-01.9mshdom.mongodb.net:27017', tagSet=TagSet{[Tag{name='availabilityZone', value='asia-southeast1-a'}, Tag{name='diskState', value='READY'}, Tag{name='nodeType', value='ELECTABLE'}, Tag{name='provider', value='GCP'}, Tag{name='region', value='SOUTHEASTERN_ASIA_PACIFIC'}, Tag{name='workloadType', value='OPERATIONAL'}]}, electionId=null, setVersion=22, topologyVersion=TopologyVersion{processId=68c456c2a241e51c4aa5e404, counter=4}, lastWriteDate=Mon Sep 15 23:29:54 GMT+07:00 2025, lastUpdateTimeNanos=12931045623458}
2025-09-15 23:29:54 - INFO - org.mongodb.driver.cluster - Discovered replica set primary ac-vhhgy5d-shard-00-01.9mshdom.mongodb.net:27017 with max election id 7fffffff000000000000009d and max set version 22
2025-09-15 23:29:54 - INFO - o.s.m.s.b.SimpleBrokerMessageHandler - Starting...
2025-09-15 23:29:54 - INFO - o.s.m.s.b.SimpleBrokerMessageHandler - BrokerAvailabilityEvent[available=true, SimpleBrokerMessageHandler [org.springframework.messaging.simp.broker.DefaultSubscriptionRegistry@6a1d97a9]]
2025-09-15 23:29:54 - INFO - o.s.m.s.b.SimpleBrokerMessageHandler - Started.
2025-09-15 23:29:54 - INFO - o.s.b.w.e.tomcat.TomcatWebServer - Tomcat started on port 9090 (http) with context path '/'
2025-09-15 23:29:54 - INFO - com.example.gsm.GsmApplication - Started GsmApplication in 1.696 seconds (process running for 2.361)
2025-09-15 23:34:21 - INFO - o.s.b.d.a.LocalDevToolsAutoConfiguration$RestartingClassPathChangeChangedEventListener - Restarting due to 1 class path change (1 addition, 0 deletions, 0 modifications)
2025-09-15 23:34:21 - INFO - o.s.b.w.e.tomcat.GracefulShutdown - Commencing graceful shutdown. Waiting for active requests to complete
2025-09-15 23:34:21 - INFO - o.s.b.w.e.tomcat.GracefulShutdown - Graceful shutdown complete
2025-09-15 23:34:21 - INFO - o.s.m.s.b.SimpleBrokerMessageHandler - Stopping...
2025-09-15 23:34:21 - INFO - o.s.m.s.b.SimpleBrokerMessageHandler - BrokerAvailabilityEvent[available=false, SimpleBrokerMessageHandler [org.springframework.messaging.simp.broker.DefaultSubscriptionRegistry@6a1d97a9]]
2025-09-15 23:34:21 - INFO - o.s.m.s.b.SimpleBrokerMessageHandler - Stopped.
2025-09-15 23:34:21 - INFO - com.example.gsm.GsmApplication - Starting GsmApplication using Java 23.0.1 with PID 33878 (/Users/nguyenvandai/Downloads/GSM1/GSM/target/classes started by nguyenvandai in /Users/nguyenvandai/Downloads/GSM1/GSM)
2025-09-15 23:34:21 - DEBUG - com.example.gsm.GsmApplication - Running with Spring Boot v3.5.5, Spring v6.2.10
2025-09-15 23:34:21 - INFO - com.example.gsm.GsmApplication - No active profile set, falling back to 1 default profile: "default"
2025-09-15 23:34:21 - INFO - o.s.d.r.c.RepositoryConfigurationDelegate - Bootstrapping Spring Data MongoDB repositories in DEFAULT mode.
2025-09-15 23:34:21 - INFO - o.s.d.r.c.RepositoryConfigurationDelegate - Finished Spring Data repository scanning in 8 ms. Found 8 MongoDB repository interfaces.
2025-09-15 23:34:21 - INFO - o.s.b.w.e.tomcat.TomcatWebServer - Tomcat initialized with port 9090 (http)
2025-09-15 23:34:21 - INFO - o.a.catalina.core.StandardService - Starting service [Tomcat]
2025-09-15 23:34:21 - INFO - o.a.catalina.core.StandardEngine - Starting Servlet engine: [Apache Tomcat/10.1.44]
2025-09-15 23:34:21 - INFO - o.a.c.c.C.[Tomcat].[localhost].[/] - Initializing Spring embedded WebApplicationContext
2025-09-15 23:34:21 - INFO - o.s.b.w.s.c.ServletWebServerApplicationContext - Root WebApplicationContext: initialization completed in 189 ms
2025-09-15 23:34:21 - DEBUG - c.e.gsm.configurations.JwtAuthFilter - Filter 'jwtAuthFilter' configured for use
2025-09-15 23:34:21 - INFO - org.mongodb.driver.client - MongoClient with metadata {"application": {"name": "JapanSim"}, "driver": {"name": "mongo-java-driver|sync|spring-boot", "version": "5.5.1"}, "os": {"type": "Darwin", "name": "Mac OS X", "architecture": "aarch64", "version": "14.4.1"}, "platform": "Java/Oracle Corporation/23.0.1+11-39"} created with settings MongoClientSettings{readPreference=primary, writeConcern=WriteConcern{w=majority, wTimeout=null ms, journal=null}, retryWrites=true, retryReads=true, readConcern=ReadConcern{level=null}, credential=MongoCredential{mechanism=null, userName='DevWork', source='admin', password=<hidden>, mechanismProperties=<hidden>}, transportSettings=null, commandListeners=[], codecRegistry=ProvidersCodecRegistry{codecProviders=[ValueCodecProvider{}, BsonValueCodecProvider{}, DBRefCodecProvider{}, DBObjectCodecProvider{}, DocumentCodecProvider{}, CollectionCodecProvider{}, IterableCodecProvider{}, MapCodecProvider{}, GeoJsonCodecProvider{}, GridFSFileCodecProvider{}, Jsr310CodecProvider{}, JsonObjectCodecProvider{}, BsonCodecProvider{}, EnumCodecProvider{}, com.mongodb.client.model.mql.ExpressionCodecProvider@549bb238, com.mongodb.Jep395RecordCodecProvider@4b2d9007, com.mongodb.KotlinCodecProvider@26e1ee5a]}, loggerSettings=LoggerSettings{maxDocumentLength=1000}, clusterSettings={hosts=[127.0.0.1:27017], srvHost=devwork.9mshdom.mongodb.net, srvServiceName=mongodb, mode=MULTIPLE, requiredClusterType=REPLICA_SET, requiredReplicaSetName='atlas-c8llrq-shard-0', serverSelector='null', clusterListeners='[]', serverSelectionTimeout='30000 ms', localThreshold='15 ms'}, socketSettings=SocketSettings{connectTimeoutMS=10000, readTimeoutMS=0, receiveBufferSize=0, proxySettings=ProxySettings{host=null, port=null, username=null, password=null}}, heartbeatSocketSettings=SocketSettings{connectTimeoutMS=10000, readTimeoutMS=10000, receiveBufferSize=0, proxySettings=ProxySettings{host=null, port=null, username=null, password=null}}, connectionPoolSettings=ConnectionPoolSettings{maxSize=100, minSize=0, maxWaitTimeMS=120000, maxConnectionLifeTimeMS=0, maxConnectionIdleTimeMS=0, maintenanceInitialDelayMS=0, maintenanceFrequencyMS=60000, connectionPoolListeners=[], maxConnecting=2}, serverSettings=ServerSettings{heartbeatFrequencyMS=10000, minHeartbeatFrequencyMS=500, serverMonitoringMode=AUTO, serverListeners='[]', serverMonitorListeners='[]'}, sslSettings=SslSettings{enabled=true, invalidHostNameAllowed=false, context=null}, applicationName='JapanSim', compressorList=[], uuidRepresentation=JAVA_LEGACY, serverApi=null, autoEncryptionSettings=null, dnsClient=null, inetAddressResolver=null, contextProvider=null, timeoutMS=null}
2025-09-15 23:34:21 - INFO - org.mongodb.driver.cluster - Adding discovered server ac-vhhgy5d-shard-00-02.9mshdom.mongodb.net:27017 to client view of cluster
2025-09-15 23:34:21 - INFO - org.mongodb.driver.cluster - Adding discovered server ac-vhhgy5d-shard-00-00.9mshdom.mongodb.net:27017 to client view of cluster
2025-09-15 23:34:21 - INFO - org.mongodb.driver.cluster - Adding discovered server ac-vhhgy5d-shard-00-01.9mshdom.mongodb.net:27017 to client view of cluster
2025-09-15 23:34:22 - INFO - o.s.b.d.a.OptionalLiveReloadServer - LiveReload server is running on port 35729
2025-09-15 23:34:22 - WARN - o.s.b.a.s.s.UserDetailsServiceAutoConfiguration - 

Using generated security password: 7e27b830-9165-41fa-8d5f-4064bfafa89b

This generated password is for development use only. Your security configuration must be updated before running your application in production.

2025-09-15 23:34:22 - INFO - o.s.s.c.a.a.c.InitializeUserDetailsBeanManagerConfigurer$InitializeUserDetailsManagerConfigurer - Global AuthenticationManager configured with UserDetailsService bean with name inMemoryUserDetailsManager
2025-09-15 23:34:22 - INFO - o.s.m.s.b.SimpleBrokerMessageHandler - Starting...
2025-09-15 23:34:22 - INFO - o.s.m.s.b.SimpleBrokerMessageHandler - BrokerAvailabilityEvent[available=true, SimpleBrokerMessageHandler [org.springframework.messaging.simp.broker.DefaultSubscriptionRegistry@6088efb4]]
2025-09-15 23:34:22 - INFO - o.s.m.s.b.SimpleBrokerMessageHandler - Started.
2025-09-15 23:34:22 - INFO - o.s.b.w.e.tomcat.TomcatWebServer - Tomcat started on port 9090 (http) with context path '/'
2025-09-15 23:34:22 - INFO - com.example.gsm.GsmApplication - Started GsmApplication in 0.529 seconds (process running for 269.818)
2025-09-15 23:34:22 - INFO - o.s.b.d.a.ConditionEvaluationDeltaLoggingListener - Condition evaluation unchanged
2025-09-15 23:34:22 - INFO - org.mongodb.driver.cluster - Monitor thread successfully connected to server with description ServerDescription{address=ac-vhhgy5d-shard-00-02.9mshdom.mongodb.net:27017, type=REPLICA_SET_SECONDARY, cryptd=false, state=CONNECTED, ok=true, minWireVersion=0, maxWireVersion=25, maxDocumentSize=16777216, logicalSessionTimeoutMinutes=30, roundTripTimeNanos=227846750, minRoundTripTimeNanos=0, setName='atlas-c8llrq-shard-0', canonicalAddress=ac-vhhgy5d-shard-00-02.9mshdom.mongodb.net:27017, hosts=[ac-vhhgy5d-shard-00-00.9mshdom.mongodb.net:27017, ac-vhhgy5d-shard-00-01.9mshdom.mongodb.net:27017, ac-vhhgy5d-shard-00-02.9mshdom.mongodb.net:27017], passives=[], arbiters=[], primary='ac-vhhgy5d-shard-00-01.9mshdom.mongodb.net:27017', tagSet=TagSet{[Tag{name='availabilityZone', value='asia-southeast1-c'}, Tag{name='diskState', value='READY'}, Tag{name='nodeType', value='ELECTABLE'}, Tag{name='provider', value='GCP'}, Tag{name='region', value='SOUTHEASTERN_ASIA_PACIFIC'}, Tag{name='workloadType', value='OPERATIONAL'}]}, electionId=null, setVersion=22, topologyVersion=TopologyVersion{processId=68c45dad6298397cccc9f5de, counter=3}, lastWriteDate=Mon Sep 15 23:34:22 GMT+07:00 2025, lastUpdateTimeNanos=13198631936458}
2025-09-15 23:34:22 - INFO - org.mongodb.driver.cluster - Monitor thread successfully connected to server with description ServerDescription{address=ac-vhhgy5d-shard-00-01.9mshdom.mongodb.net:27017, type=REPLICA_SET_PRIMARY, cryptd=false, state=CONNECTED, ok=true, minWireVersion=0, maxWireVersion=25, maxDocumentSize=16777216, logicalSessionTimeoutMinutes=30, roundTripTimeNanos=227514584, minRoundTripTimeNanos=0, setName='atlas-c8llrq-shard-0', canonicalAddress=ac-vhhgy5d-shard-00-01.9mshdom.mongodb.net:27017, hosts=[ac-vhhgy5d-shard-00-00.9mshdom.mongodb.net:27017, ac-vhhgy5d-shard-00-01.9mshdom.mongodb.net:27017, ac-vhhgy5d-shard-00-02.9mshdom.mongodb.net:27017], passives=[], arbiters=[], primary='ac-vhhgy5d-shard-00-01.9mshdom.mongodb.net:27017', tagSet=TagSet{[Tag{name='availabilityZone', value='asia-southeast1-b'}, Tag{name='diskState', value='READY'}, Tag{name='nodeType', value='ELECTABLE'}, Tag{name='provider', value='GCP'}, Tag{name='region', value='SOUTHEASTERN_ASIA_PACIFIC'}, Tag{name='workloadType', value='OPERATIONAL'}]}, electionId=7fffffff000000000000009d, setVersion=22, topologyVersion=TopologyVersion{processId=68c458fecec02aaa9d2c763e, counter=6}, lastWriteDate=Mon Sep 15 23:34:22 GMT+07:00 2025, lastUpdateTimeNanos=13198631936458}
2025-09-15 23:34:22 - INFO - org.mongodb.driver.cluster - Monitor thread successfully connected to server with description ServerDescription{address=ac-vhhgy5d-shard-00-00.9mshdom.mongodb.net:27017, type=REPLICA_SET_SECONDARY, cryptd=false, state=CONNECTED, ok=true, minWireVersion=0, maxWireVersion=25, maxDocumentSize=16777216, logicalSessionTimeoutMinutes=30, roundTripTimeNanos=228102042, minRoundTripTimeNanos=0, setName='atlas-c8llrq-shard-0', canonicalAddress=ac-vhhgy5d-shard-00-00.9mshdom.mongodb.net:27017, hosts=[ac-vhhgy5d-shard-00-00.9mshdom.mongodb.net:27017, ac-vhhgy5d-shard-00-01.9mshdom.mongodb.net:27017, ac-vhhgy5d-shard-00-02.9mshdom.mongodb.net:27017], passives=[], arbiters=[], primary='ac-vhhgy5d-shard-00-01.9mshdom.mongodb.net:27017', tagSet=TagSet{[Tag{name='availabilityZone', value='asia-southeast1-a'}, Tag{name='diskState', value='READY'}, Tag{name='nodeType', value='ELECTABLE'}, Tag{name='provider', value='GCP'}, Tag{name='region', value='SOUTHEASTERN_ASIA_PACIFIC'}, Tag{name='workloadType', value='OPERATIONAL'}]}, electionId=null, setVersion=22, topologyVersion=TopologyVersion{processId=68c456c2a241e51c4aa5e404, counter=4}, lastWriteDate=Mon Sep 15 23:34:22 GMT+07:00 2025, lastUpdateTimeNanos=13198632304250}
2025-09-15 23:34:22 - INFO - org.mongodb.driver.cluster - Discovered replica set primary ac-vhhgy5d-shard-00-01.9mshdom.mongodb.net:27017 with max election id 7fffffff000000000000009d and max set version 22
2025-09-15 23:34:30 - INFO - o.s.b.d.a.LocalDevToolsAutoConfiguration$RestartingClassPathChangeChangedEventListener - Restarting due to 1 class path change (0 additions, 1 deletion, 0 modifications)
2025-09-15 23:34:30 - INFO - o.s.b.w.e.tomcat.GracefulShutdown - Commencing graceful shutdown. Waiting for active requests to complete
2025-09-15 23:34:30 - INFO - o.s.b.w.e.tomcat.GracefulShutdown - Graceful shutdown complete
2025-09-15 23:34:30 - INFO - o.s.m.s.b.SimpleBrokerMessageHandler - Stopping...
2025-09-15 23:34:30 - INFO - o.s.m.s.b.SimpleBrokerMessageHandler - BrokerAvailabilityEvent[available=false, SimpleBrokerMessageHandler [org.springframework.messaging.simp.broker.DefaultSubscriptionRegistry@6088efb4]]
2025-09-15 23:34:30 - INFO - o.s.m.s.b.SimpleBrokerMessageHandler - Stopped.
2025-09-15 23:34:30 - INFO - com.example.gsm.GsmApplication - Starting GsmApplication using Java 23.0.1 with PID 33878 (/Users/nguyenvandai/Downloads/GSM1/GSM/target/classes started by nguyenvandai in /Users/nguyenvandai/Downloads/GSM1/GSM)
2025-09-15 23:34:30 - DEBUG - com.example.gsm.GsmApplication - Running with Spring Boot v3.5.5, Spring v6.2.10
2025-09-15 23:34:30 - INFO - com.example.gsm.GsmApplication - No active profile set, falling back to 1 default profile: "default"
2025-09-15 23:34:30 - INFO - o.s.d.r.c.RepositoryConfigurationDelegate - Bootstrapping Spring Data MongoDB repositories in DEFAULT mode.
2025-09-15 23:34:30 - INFO - o.s.d.r.c.RepositoryConfigurationDelegate - Finished Spring Data repository scanning in 7 ms. Found 8 MongoDB repository interfaces.
2025-09-15 23:34:30 - INFO - o.s.b.w.e.tomcat.TomcatWebServer - Tomcat initialized with port 9090 (http)
2025-09-15 23:34:30 - INFO - o.a.catalina.core.StandardService - Starting service [Tomcat]
2025-09-15 23:34:30 - INFO - o.a.catalina.core.StandardEngine - Starting Servlet engine: [Apache Tomcat/10.1.44]
2025-09-15 23:34:30 - INFO - o.a.c.c.C.[Tomcat].[localhost].[/] - Initializing Spring embedded WebApplicationContext
2025-09-15 23:34:30 - INFO - o.s.b.w.s.c.ServletWebServerApplicationContext - Root WebApplicationContext: initialization completed in 139 ms
2025-09-15 23:34:30 - DEBUG - c.e.gsm.configurations.JwtAuthFilter - Filter 'jwtAuthFilter' configured for use
2025-09-15 23:34:30 - INFO - org.mongodb.driver.client - MongoClient with metadata {"application": {"name": "JapanSim"}, "driver": {"name": "mongo-java-driver|sync|spring-boot", "version": "5.5.1"}, "os": {"type": "Darwin", "name": "Mac OS X", "architecture": "aarch64", "version": "14.4.1"}, "platform": "Java/Oracle Corporation/23.0.1+11-39"} created with settings MongoClientSettings{readPreference=primary, writeConcern=WriteConcern{w=majority, wTimeout=null ms, journal=null}, retryWrites=true, retryReads=true, readConcern=ReadConcern{level=null}, credential=MongoCredential{mechanism=null, userName='DevWork', source='admin', password=<hidden>, mechanismProperties=<hidden>}, transportSettings=null, commandListeners=[], codecRegistry=ProvidersCodecRegistry{codecProviders=[ValueCodecProvider{}, BsonValueCodecProvider{}, DBRefCodecProvider{}, DBObjectCodecProvider{}, DocumentCodecProvider{}, CollectionCodecProvider{}, IterableCodecProvider{}, MapCodecProvider{}, GeoJsonCodecProvider{}, GridFSFileCodecProvider{}, Jsr310CodecProvider{}, JsonObjectCodecProvider{}, BsonCodecProvider{}, EnumCodecProvider{}, com.mongodb.client.model.mql.ExpressionCodecProvider@549bb238, com.mongodb.Jep395RecordCodecProvider@4b2d9007, com.mongodb.KotlinCodecProvider@26e1ee5a]}, loggerSettings=LoggerSettings{maxDocumentLength=1000}, clusterSettings={hosts=[127.0.0.1:27017], srvHost=devwork.9mshdom.mongodb.net, srvServiceName=mongodb, mode=MULTIPLE, requiredClusterType=REPLICA_SET, requiredReplicaSetName='atlas-c8llrq-shard-0', serverSelector='null', clusterListeners='[]', serverSelectionTimeout='30000 ms', localThreshold='15 ms'}, socketSettings=SocketSettings{connectTimeoutMS=10000, readTimeoutMS=0, receiveBufferSize=0, proxySettings=ProxySettings{host=null, port=null, username=null, password=null}}, heartbeatSocketSettings=SocketSettings{connectTimeoutMS=10000, readTimeoutMS=10000, receiveBufferSize=0, proxySettings=ProxySettings{host=null, port=null, username=null, password=null}}, connectionPoolSettings=ConnectionPoolSettings{maxSize=100, minSize=0, maxWaitTimeMS=120000, maxConnectionLifeTimeMS=0, maxConnectionIdleTimeMS=0, maintenanceInitialDelayMS=0, maintenanceFrequencyMS=60000, connectionPoolListeners=[], maxConnecting=2}, serverSettings=ServerSettings{heartbeatFrequencyMS=10000, minHeartbeatFrequencyMS=500, serverMonitoringMode=AUTO, serverListeners='[]', serverMonitorListeners='[]'}, sslSettings=SslSettings{enabled=true, invalidHostNameAllowed=false, context=null}, applicationName='JapanSim', compressorList=[], uuidRepresentation=JAVA_LEGACY, serverApi=null, autoEncryptionSettings=null, dnsClient=null, inetAddressResolver=null, contextProvider=null, timeoutMS=null}
2025-09-15 23:34:30 - INFO - org.mongodb.driver.cluster - Adding discovered server ac-vhhgy5d-shard-00-02.9mshdom.mongodb.net:27017 to client view of cluster
2025-09-15 23:34:30 - INFO - org.mongodb.driver.cluster - Adding discovered server ac-vhhgy5d-shard-00-00.9mshdom.mongodb.net:27017 to client view of cluster
2025-09-15 23:34:30 - INFO - org.mongodb.driver.cluster - Adding discovered server ac-vhhgy5d-shard-00-01.9mshdom.mongodb.net:27017 to client view of cluster
2025-09-15 23:34:30 - INFO - o.s.b.d.a.OptionalLiveReloadServer - LiveReload server is running on port 35729
2025-09-15 23:34:31 - WARN - o.s.b.a.s.s.UserDetailsServiceAutoConfiguration - 

Using generated security password: 21c3c73d-3411-4574-9183-6144156c8ab9

This generated password is for development use only. Your security configuration must be updated before running your application in production.

2025-09-15 23:34:31 - INFO - o.s.s.c.a.a.c.InitializeUserDetailsBeanManagerConfigurer$InitializeUserDetailsManagerConfigurer - Global AuthenticationManager configured with UserDetailsService bean with name inMemoryUserDetailsManager
2025-09-15 23:34:31 - INFO - o.s.m.s.b.SimpleBrokerMessageHandler - Starting...
2025-09-15 23:34:31 - INFO - o.s.m.s.b.SimpleBrokerMessageHandler - BrokerAvailabilityEvent[available=true, SimpleBrokerMessageHandler [org.springframework.messaging.simp.broker.DefaultSubscriptionRegistry@49af7d39]]
2025-09-15 23:34:31 - INFO - o.s.m.s.b.SimpleBrokerMessageHandler - Started.
2025-09-15 23:34:31 - INFO - o.s.b.w.e.tomcat.TomcatWebServer - Tomcat started on port 9090 (http) with context path '/'
2025-09-15 23:34:31 - INFO - com.example.gsm.GsmApplication - Started GsmApplication in 0.358 seconds (process running for 278.699)
2025-09-15 23:34:31 - INFO - o.s.b.d.a.ConditionEvaluationDeltaLoggingListener - Condition evaluation unchanged
2025-09-15 23:34:31 - INFO - org.mongodb.driver.cluster - Monitor thread successfully connected to server with description ServerDescription{address=ac-vhhgy5d-shard-00-01.9mshdom.mongodb.net:27017, type=REPLICA_SET_PRIMARY, cryptd=false, state=CONNECTED, ok=true, minWireVersion=0, maxWireVersion=25, maxDocumentSize=16777216, logicalSessionTimeoutMinutes=30, roundTripTimeNanos=163000166, minRoundTripTimeNanos=0, setName='atlas-c8llrq-shard-0', canonicalAddress=ac-vhhgy5d-shard-00-01.9mshdom.mongodb.net:27017, hosts=[ac-vhhgy5d-shard-00-00.9mshdom.mongodb.net:27017, ac-vhhgy5d-shard-00-01.9mshdom.mongodb.net:27017, ac-vhhgy5d-shard-00-02.9mshdom.mongodb.net:27017], passives=[], arbiters=[], primary='ac-vhhgy5d-shard-00-01.9mshdom.mongodb.net:27017', tagSet=TagSet{[Tag{name='availabilityZone', value='asia-southeast1-b'}, Tag{name='diskState', value='READY'}, Tag{name='nodeType', value='ELECTABLE'}, Tag{name='provider', value='GCP'}, Tag{name='region', value='SOUTHEASTERN_ASIA_PACIFIC'}, Tag{name='workloadType', value='OPERATIONAL'}]}, electionId=7fffffff000000000000009d, setVersion=22, topologyVersion=TopologyVersion{processId=68c458fecec02aaa9d2c763e, counter=6}, lastWriteDate=Mon Sep 15 23:34:31 GMT+07:00 2025, lastUpdateTimeNanos=13207513107916}
2025-09-15 23:34:31 - INFO - org.mongodb.driver.cluster - Monitor thread successfully connected to server with description ServerDescription{address=ac-vhhgy5d-shard-00-02.9mshdom.mongodb.net:27017, type=REPLICA_SET_SECONDARY, cryptd=false, state=CONNECTED, ok=true, minWireVersion=0, maxWireVersion=25, maxDocumentSize=16777216, logicalSessionTimeoutMinutes=30, roundTripTimeNanos=163116417, minRoundTripTimeNanos=0, setName='atlas-c8llrq-shard-0', canonicalAddress=ac-vhhgy5d-shard-00-02.9mshdom.mongodb.net:27017, hosts=[ac-vhhgy5d-shard-00-00.9mshdom.mongodb.net:27017, ac-vhhgy5d-shard-00-01.9mshdom.mongodb.net:27017, ac-vhhgy5d-shard-00-02.9mshdom.mongodb.net:27017], passives=[], arbiters=[], primary='ac-vhhgy5d-shard-00-01.9mshdom.mongodb.net:27017', tagSet=TagSet{[Tag{name='availabilityZone', value='asia-southeast1-c'}, Tag{name='diskState', value='READY'}, Tag{name='nodeType', value='ELECTABLE'}, Tag{name='provider', value='GCP'}, Tag{name='region', value='SOUTHEASTERN_ASIA_PACIFIC'}, Tag{name='workloadType', value='OPERATIONAL'}]}, electionId=null, setVersion=22, topologyVersion=TopologyVersion{processId=68c45dad6298397cccc9f5de, counter=3}, lastWriteDate=Mon Sep 15 23:34:31 GMT+07:00 2025, lastUpdateTimeNanos=13207513078333}
2025-09-15 23:34:31 - INFO - org.mongodb.driver.cluster - Monitor thread successfully connected to server with description ServerDescription{address=ac-vhhgy5d-shard-00-00.9mshdom.mongodb.net:27017, type=REPLICA_SET_SECONDARY, cryptd=false, state=CONNECTED, ok=true, minWireVersion=0, maxWireVersion=25, maxDocumentSize=16777216, logicalSessionTimeoutMinutes=30, roundTripTimeNanos=163003541, minRoundTripTimeNanos=0, setName='atlas-c8llrq-shard-0', canonicalAddress=ac-vhhgy5d-shard-00-00.9mshdom.mongodb.net:27017, hosts=[ac-vhhgy5d-shard-00-00.9mshdom.mongodb.net:27017, ac-vhhgy5d-shard-00-01.9mshdom.mongodb.net:27017, ac-vhhgy5d-shard-00-02.9mshdom.mongodb.net:27017], passives=[], arbiters=[], primary='ac-vhhgy5d-shard-00-01.9mshdom.mongodb.net:27017', tagSet=TagSet{[Tag{name='availabilityZone', value='asia-southeast1-a'}, Tag{name='diskState', value='READY'}, Tag{name='nodeType', value='ELECTABLE'}, Tag{name='provider', value='GCP'}, Tag{name='region', value='SOUTHEASTERN_ASIA_PACIFIC'}, Tag{name='workloadType', value='OPERATIONAL'}]}, electionId=null, setVersion=22, topologyVersion=TopologyVersion{processId=68c456c2a241e51c4aa5e404, counter=4}, lastWriteDate=Mon Sep 15 23:34:31 GMT+07:00 2025, lastUpdateTimeNanos=13207513115458}
2025-09-15 23:34:31 - INFO - org.mongodb.driver.cluster - Discovered replica set primary ac-vhhgy5d-shard-00-01.9mshdom.mongodb.net:27017 with max election id 7fffffff000000000000009d and max set version 22
2025-09-15 23:34:32 - INFO - o.s.b.d.a.LocalDevToolsAutoConfiguration$RestartingClassPathChangeChangedEventListener - Restarting due to 1 class path change (1 addition, 0 deletions, 0 modifications)
2025-09-15 23:34:32 - INFO - o.s.b.w.e.tomcat.GracefulShutdown - Commencing graceful shutdown. Waiting for active requests to complete
2025-09-15 23:34:32 - INFO - o.s.b.w.e.tomcat.GracefulShutdown - Graceful shutdown complete
2025-09-15 23:34:32 - INFO - o.s.m.s.b.SimpleBrokerMessageHandler - Stopping...
2025-09-15 23:34:32 - INFO - o.s.m.s.b.SimpleBrokerMessageHandler - BrokerAvailabilityEvent[available=false, SimpleBrokerMessageHandler [org.springframework.messaging.simp.broker.DefaultSubscriptionRegistry@49af7d39]]
2025-09-15 23:34:32 - INFO - o.s.m.s.b.SimpleBrokerMessageHandler - Stopped.
2025-09-15 23:34:32 - INFO - com.example.gsm.GsmApplication - Starting GsmApplication using Java 23.0.1 with PID 33878 (/Users/nguyenvandai/Downloads/GSM1/GSM/target/classes started by nguyenvandai in /Users/nguyenvandai/Downloads/GSM1/GSM)
2025-09-15 23:34:32 - DEBUG - com.example.gsm.GsmApplication - Running with Spring Boot v3.5.5, Spring v6.2.10
2025-09-15 23:34:32 - INFO - com.example.gsm.GsmApplication - No active profile set, falling back to 1 default profile: "default"
2025-09-15 23:34:32 - INFO - o.s.d.r.c.RepositoryConfigurationDelegate - Bootstrapping Spring Data MongoDB repositories in DEFAULT mode.
2025-09-15 23:34:32 - INFO - o.s.d.r.c.RepositoryConfigurationDelegate - Finished Spring Data repository scanning in 7 ms. Found 8 MongoDB repository interfaces.
2025-09-15 23:34:32 - INFO - o.s.b.w.e.tomcat.TomcatWebServer - Tomcat initialized with port 9090 (http)
2025-09-15 23:34:32 - INFO - o.a.catalina.core.StandardService - Starting service [Tomcat]
2025-09-15 23:34:32 - INFO - o.a.catalina.core.StandardEngine - Starting Servlet engine: [Apache Tomcat/10.1.44]
2025-09-15 23:34:32 - INFO - o.a.c.c.C.[Tomcat].[localhost].[/] - Initializing Spring embedded WebApplicationContext
2025-09-15 23:34:32 - INFO - o.s.b.w.s.c.ServletWebServerApplicationContext - Root WebApplicationContext: initialization completed in 135 ms
2025-09-15 23:34:32 - DEBUG - c.e.gsm.configurations.JwtAuthFilter - Filter 'jwtAuthFilter' configured for use
2025-09-15 23:34:32 - INFO - org.mongodb.driver.client - MongoClient with metadata {"application": {"name": "JapanSim"}, "driver": {"name": "mongo-java-driver|sync|spring-boot", "version": "5.5.1"}, "os": {"type": "Darwin", "name": "Mac OS X", "architecture": "aarch64", "version": "14.4.1"}, "platform": "Java/Oracle Corporation/23.0.1+11-39"} created with settings MongoClientSettings{readPreference=primary, writeConcern=WriteConcern{w=majority, wTimeout=null ms, journal=null}, retryWrites=true, retryReads=true, readConcern=ReadConcern{level=null}, credential=MongoCredential{mechanism=null, userName='DevWork', source='admin', password=<hidden>, mechanismProperties=<hidden>}, transportSettings=null, commandListeners=[], codecRegistry=ProvidersCodecRegistry{codecProviders=[ValueCodecProvider{}, BsonValueCodecProvider{}, DBRefCodecProvider{}, DBObjectCodecProvider{}, DocumentCodecProvider{}, CollectionCodecProvider{}, IterableCodecProvider{}, MapCodecProvider{}, GeoJsonCodecProvider{}, GridFSFileCodecProvider{}, Jsr310CodecProvider{}, JsonObjectCodecProvider{}, BsonCodecProvider{}, EnumCodecProvider{}, com.mongodb.client.model.mql.ExpressionCodecProvider@549bb238, com.mongodb.Jep395RecordCodecProvider@4b2d9007, com.mongodb.KotlinCodecProvider@26e1ee5a]}, loggerSettings=LoggerSettings{maxDocumentLength=1000}, clusterSettings={hosts=[127.0.0.1:27017], srvHost=devwork.9mshdom.mongodb.net, srvServiceName=mongodb, mode=MULTIPLE, requiredClusterType=REPLICA_SET, requiredReplicaSetName='atlas-c8llrq-shard-0', serverSelector='null', clusterListeners='[]', serverSelectionTimeout='30000 ms', localThreshold='15 ms'}, socketSettings=SocketSettings{connectTimeoutMS=10000, readTimeoutMS=0, receiveBufferSize=0, proxySettings=ProxySettings{host=null, port=null, username=null, password=null}}, heartbeatSocketSettings=SocketSettings{connectTimeoutMS=10000, readTimeoutMS=10000, receiveBufferSize=0, proxySettings=ProxySettings{host=null, port=null, username=null, password=null}}, connectionPoolSettings=ConnectionPoolSettings{maxSize=100, minSize=0, maxWaitTimeMS=120000, maxConnectionLifeTimeMS=0, maxConnectionIdleTimeMS=0, maintenanceInitialDelayMS=0, maintenanceFrequencyMS=60000, connectionPoolListeners=[], maxConnecting=2}, serverSettings=ServerSettings{heartbeatFrequencyMS=10000, minHeartbeatFrequencyMS=500, serverMonitoringMode=AUTO, serverListeners='[]', serverMonitorListeners='[]'}, sslSettings=SslSettings{enabled=true, invalidHostNameAllowed=false, context=null}, applicationName='JapanSim', compressorList=[], uuidRepresentation=JAVA_LEGACY, serverApi=null, autoEncryptionSettings=null, dnsClient=null, inetAddressResolver=null, contextProvider=null, timeoutMS=null}
2025-09-15 23:34:32 - INFO - org.mongodb.driver.cluster - Adding discovered server ac-vhhgy5d-shard-00-02.9mshdom.mongodb.net:27017 to client view of cluster
2025-09-15 23:34:32 - INFO - org.mongodb.driver.cluster - Adding discovered server ac-vhhgy5d-shard-00-00.9mshdom.mongodb.net:27017 to client view of cluster
2025-09-15 23:34:32 - INFO - org.mongodb.driver.cluster - Adding discovered server ac-vhhgy5d-shard-00-01.9mshdom.mongodb.net:27017 to client view of cluster
2025-09-15 23:34:32 - INFO - o.s.b.d.a.OptionalLiveReloadServer - LiveReload server is running on port 35729
2025-09-15 23:34:32 - WARN - o.s.b.a.s.s.UserDetailsServiceAutoConfiguration - 

Using generated security password: 083d926b-fdae-43a9-80a0-cbae2ec590a9

This generated password is for development use only. Your security configuration must be updated before running your application in production.

2025-09-15 23:34:32 - INFO - o.s.s.c.a.a.c.InitializeUserDetailsBeanManagerConfigurer$InitializeUserDetailsManagerConfigurer - Global AuthenticationManager configured with UserDetailsService bean with name inMemoryUserDetailsManager
2025-09-15 23:34:32 - INFO - o.s.m.s.b.SimpleBrokerMessageHandler - Starting...
2025-09-15 23:34:32 - INFO - o.s.m.s.b.SimpleBrokerMessageHandler - BrokerAvailabilityEvent[available=true, SimpleBrokerMessageHandler [org.springframework.messaging.simp.broker.DefaultSubscriptionRegistry@6ab7cd58]]
2025-09-15 23:34:32 - INFO - o.s.m.s.b.SimpleBrokerMessageHandler - Started.
2025-09-15 23:34:32 - INFO - o.s.b.w.e.tomcat.TomcatWebServer - Tomcat started on port 9090 (http) with context path '/'
2025-09-15 23:34:32 - INFO - com.example.gsm.GsmApplication - Started GsmApplication in 0.357 seconds (process running for 280.513)
2025-09-15 23:34:32 - INFO - o.s.b.d.a.ConditionEvaluationDeltaLoggingListener - Condition evaluation unchanged
2025-09-15 23:34:33 - INFO - org.mongodb.driver.cluster - Monitor thread successfully connected to server with description ServerDescription{address=ac-vhhgy5d-shard-00-02.9mshdom.mongodb.net:27017, type=REPLICA_SET_SECONDARY, cryptd=false, state=CONNECTED, ok=true, minWireVersion=0, maxWireVersion=25, maxDocumentSize=16777216, logicalSessionTimeoutMinutes=30, roundTripTimeNanos=143519459, minRoundTripTimeNanos=0, setName='atlas-c8llrq-shard-0', canonicalAddress=ac-vhhgy5d-shard-00-02.9mshdom.mongodb.net:27017, hosts=[ac-vhhgy5d-shard-00-00.9mshdom.mongodb.net:27017, ac-vhhgy5d-shard-00-01.9mshdom.mongodb.net:27017, ac-vhhgy5d-shard-00-02.9mshdom.mongodb.net:27017], passives=[], arbiters=[], primary='ac-vhhgy5d-shard-00-01.9mshdom.mongodb.net:27017', tagSet=TagSet{[Tag{name='availabilityZone', value='asia-southeast1-c'}, Tag{name='diskState', value='READY'}, Tag{name='nodeType', value='ELECTABLE'}, Tag{name='provider', value='GCP'}, Tag{name='region', value='SOUTHEASTERN_ASIA_PACIFIC'}, Tag{name='workloadType', value='OPERATIONAL'}]}, electionId=null, setVersion=22, topologyVersion=TopologyVersion{processId=68c45dad6298397cccc9f5de, counter=3}, lastWriteDate=Mon Sep 15 23:34:32 GMT+07:00 2025, lastUpdateTimeNanos=13209308630041}
2025-09-15 23:34:33 - INFO - org.mongodb.driver.cluster - Monitor thread successfully connected to server with description ServerDescription{address=ac-vhhgy5d-shard-00-00.9mshdom.mongodb.net:27017, type=REPLICA_SET_SECONDARY, cryptd=false, state=CONNECTED, ok=true, minWireVersion=0, maxWireVersion=25, maxDocumentSize=16777216, logicalSessionTimeoutMinutes=30, roundTripTimeNanos=143731250, minRoundTripTimeNanos=0, setName='atlas-c8llrq-shard-0', canonicalAddress=ac-vhhgy5d-shard-00-00.9mshdom.mongodb.net:27017, hosts=[ac-vhhgy5d-shard-00-00.9mshdom.mongodb.net:27017, ac-vhhgy5d-shard-00-01.9mshdom.mongodb.net:27017, ac-vhhgy5d-shard-00-02.9mshdom.mongodb.net:27017], passives=[], arbiters=[], primary='ac-vhhgy5d-shard-00-01.9mshdom.mongodb.net:27017', tagSet=TagSet{[Tag{name='availabilityZone', value='asia-southeast1-a'}, Tag{name='diskState', value='READY'}, Tag{name='nodeType', value='ELECTABLE'}, Tag{name='provider', value='GCP'}, Tag{name='region', value='SOUTHEASTERN_ASIA_PACIFIC'}, Tag{name='workloadType', value='OPERATIONAL'}]}, electionId=null, setVersion=22, topologyVersion=TopologyVersion{processId=68c456c2a241e51c4aa5e404, counter=4}, lastWriteDate=Mon Sep 15 23:34:32 GMT+07:00 2025, lastUpdateTimeNanos=13209309393416}
2025-09-15 23:34:33 - INFO - org.mongodb.driver.cluster - Monitor thread successfully connected to server with description ServerDescription{address=ac-vhhgy5d-shard-00-01.9mshdom.mongodb.net:27017, type=REPLICA_SET_PRIMARY, cryptd=false, state=CONNECTED, ok=true, minWireVersion=0, maxWireVersion=25, maxDocumentSize=16777216, logicalSessionTimeoutMinutes=30, roundTripTimeNanos=148414875, minRoundTripTimeNanos=0, setName='atlas-c8llrq-shard-0', canonicalAddress=ac-vhhgy5d-shard-00-01.9mshdom.mongodb.net:27017, hosts=[ac-vhhgy5d-shard-00-00.9mshdom.mongodb.net:27017, ac-vhhgy5d-shard-00-01.9mshdom.mongodb.net:27017, ac-vhhgy5d-shard-00-02.9mshdom.mongodb.net:27017], passives=[], arbiters=[], primary='ac-vhhgy5d-shard-00-01.9mshdom.mongodb.net:27017', tagSet=TagSet{[Tag{name='availabilityZone', value='asia-southeast1-b'}, Tag{name='diskState', value='READY'}, Tag{name='nodeType', value='ELECTABLE'}, Tag{name='provider', value='GCP'}, Tag{name='region', value='SOUTHEASTERN_ASIA_PACIFIC'}, Tag{name='workloadType', value='OPERATIONAL'}]}, electionId=7fffffff000000000000009d, setVersion=22, topologyVersion=TopologyVersion{processId=68c458fecec02aaa9d2c763e, counter=6}, lastWriteDate=Mon Sep 15 23:34:32 GMT+07:00 2025, lastUpdateTimeNanos=13209314145333}
2025-09-15 23:34:33 - INFO - org.mongodb.driver.cluster - Discovered replica set primary ac-vhhgy5d-shard-00-01.9mshdom.mongodb.net:27017 with max election id 7fffffff000000000000009d and max set version 22
2025-09-15 23:34:39 - INFO - o.s.b.d.a.LocalDevToolsAutoConfiguration$RestartingClassPathChangeChangedEventListener - Restarting due to 1 class path change (1 addition, 0 deletions, 0 modifications)
2025-09-15 23:34:39 - INFO - o.s.b.w.e.tomcat.GracefulShutdown - Commencing graceful shutdown. Waiting for active requests to complete
2025-09-15 23:34:39 - INFO - o.s.b.w.e.tomcat.GracefulShutdown - Graceful shutdown complete
2025-09-15 23:34:39 - INFO - o.s.m.s.b.SimpleBrokerMessageHandler - Stopping...
2025-09-15 23:34:39 - INFO - o.s.m.s.b.SimpleBrokerMessageHandler - BrokerAvailabilityEvent[available=false, SimpleBrokerMessageHandler [org.springframework.messaging.simp.broker.DefaultSubscriptionRegistry@6ab7cd58]]
2025-09-15 23:34:39 - INFO - o.s.m.s.b.SimpleBrokerMessageHandler - Stopped.
2025-09-15 23:34:39 - INFO - com.example.gsm.GsmApplication - Starting GsmApplication using Java 23.0.1 with PID 33878 (/Users/nguyenvandai/Downloads/GSM1/GSM/target/classes started by nguyenvandai in /Users/nguyenvandai/Downloads/GSM1/GSM)
2025-09-15 23:34:39 - DEBUG - com.example.gsm.GsmApplication - Running with Spring Boot v3.5.5, Spring v6.2.10
2025-09-15 23:34:39 - INFO - com.example.gsm.GsmApplication - No active profile set, falling back to 1 default profile: "default"
2025-09-15 23:34:39 - INFO - o.s.d.r.c.RepositoryConfigurationDelegate - Bootstrapping Spring Data MongoDB repositories in DEFAULT mode.
2025-09-15 23:34:39 - INFO - o.s.d.r.c.RepositoryConfigurationDelegate - Finished Spring Data repository scanning in 7 ms. Found 8 MongoDB repository interfaces.
2025-09-15 23:34:39 - INFO - o.s.b.w.e.tomcat.TomcatWebServer - Tomcat initialized with port 9090 (http)
2025-09-15 23:34:39 - INFO - o.a.catalina.core.StandardService - Starting service [Tomcat]
2025-09-15 23:34:39 - INFO - o.a.catalina.core.StandardEngine - Starting Servlet engine: [Apache Tomcat/10.1.44]
2025-09-15 23:34:39 - INFO - o.a.c.c.C.[Tomcat].[localhost].[/] - Initializing Spring embedded WebApplicationContext
2025-09-15 23:34:39 - INFO - o.s.b.w.s.c.ServletWebServerApplicationContext - Root WebApplicationContext: initialization completed in 131 ms
2025-09-15 23:34:39 - DEBUG - c.e.gsm.configurations.JwtAuthFilter - Filter 'jwtAuthFilter' configured for use
2025-09-15 23:34:39 - INFO - org.mongodb.driver.client - MongoClient with metadata {"application": {"name": "JapanSim"}, "driver": {"name": "mongo-java-driver|sync|spring-boot", "version": "5.5.1"}, "os": {"type": "Darwin", "name": "Mac OS X", "architecture": "aarch64", "version": "14.4.1"}, "platform": "Java/Oracle Corporation/23.0.1+11-39"} created with settings MongoClientSettings{readPreference=primary, writeConcern=WriteConcern{w=majority, wTimeout=null ms, journal=null}, retryWrites=true, retryReads=true, readConcern=ReadConcern{level=null}, credential=MongoCredential{mechanism=null, userName='DevWork', source='admin', password=<hidden>, mechanismProperties=<hidden>}, transportSettings=null, commandListeners=[], codecRegistry=ProvidersCodecRegistry{codecProviders=[ValueCodecProvider{}, BsonValueCodecProvider{}, DBRefCodecProvider{}, DBObjectCodecProvider{}, DocumentCodecProvider{}, CollectionCodecProvider{}, IterableCodecProvider{}, MapCodecProvider{}, GeoJsonCodecProvider{}, GridFSFileCodecProvider{}, Jsr310CodecProvider{}, JsonObjectCodecProvider{}, BsonCodecProvider{}, EnumCodecProvider{}, com.mongodb.client.model.mql.ExpressionCodecProvider@549bb238, com.mongodb.Jep395RecordCodecProvider@4b2d9007, com.mongodb.KotlinCodecProvider@26e1ee5a]}, loggerSettings=LoggerSettings{maxDocumentLength=1000}, clusterSettings={hosts=[127.0.0.1:27017], srvHost=devwork.9mshdom.mongodb.net, srvServiceName=mongodb, mode=MULTIPLE, requiredClusterType=REPLICA_SET, requiredReplicaSetName='atlas-c8llrq-shard-0', serverSelector='null', clusterListeners='[]', serverSelectionTimeout='30000 ms', localThreshold='15 ms'}, socketSettings=SocketSettings{connectTimeoutMS=10000, readTimeoutMS=0, receiveBufferSize=0, proxySettings=ProxySettings{host=null, port=null, username=null, password=null}}, heartbeatSocketSettings=SocketSettings{connectTimeoutMS=10000, readTimeoutMS=10000, receiveBufferSize=0, proxySettings=ProxySettings{host=null, port=null, username=null, password=null}}, connectionPoolSettings=ConnectionPoolSettings{maxSize=100, minSize=0, maxWaitTimeMS=120000, maxConnectionLifeTimeMS=0, maxConnectionIdleTimeMS=0, maintenanceInitialDelayMS=0, maintenanceFrequencyMS=60000, connectionPoolListeners=[], maxConnecting=2}, serverSettings=ServerSettings{heartbeatFrequencyMS=10000, minHeartbeatFrequencyMS=500, serverMonitoringMode=AUTO, serverListeners='[]', serverMonitorListeners='[]'}, sslSettings=SslSettings{enabled=true, invalidHostNameAllowed=false, context=null}, applicationName='JapanSim', compressorList=[], uuidRepresentation=JAVA_LEGACY, serverApi=null, autoEncryptionSettings=null, dnsClient=null, inetAddressResolver=null, contextProvider=null, timeoutMS=null}
2025-09-15 23:34:39 - INFO - org.mongodb.driver.cluster - Adding discovered server ac-vhhgy5d-shard-00-02.9mshdom.mongodb.net:27017 to client view of cluster
2025-09-15 23:34:39 - INFO - org.mongodb.driver.cluster - Adding discovered server ac-vhhgy5d-shard-00-00.9mshdom.mongodb.net:27017 to client view of cluster
2025-09-15 23:34:39 - INFO - org.mongodb.driver.cluster - Adding discovered server ac-vhhgy5d-shard-00-01.9mshdom.mongodb.net:27017 to client view of cluster
2025-09-15 23:34:39 - INFO - o.s.b.d.a.OptionalLiveReloadServer - LiveReload server is running on port 35729
2025-09-15 23:34:39 - WARN - o.s.b.a.s.s.UserDetailsServiceAutoConfiguration - 

Using generated security password: 63ae2512-097a-4e13-b72f-c04804ff16b5

This generated password is for development use only. Your security configuration must be updated before running your application in production.

2025-09-15 23:34:39 - INFO - o.s.s.c.a.a.c.InitializeUserDetailsBeanManagerConfigurer$InitializeUserDetailsManagerConfigurer - Global AuthenticationManager configured with UserDetailsService bean with name inMemoryUserDetailsManager
2025-09-15 23:34:39 - INFO - org.mongodb.driver.cluster - Monitor thread successfully connected to server with description ServerDescription{address=ac-vhhgy5d-shard-00-02.9mshdom.mongodb.net:27017, type=REPLICA_SET_SECONDARY, cryptd=false, state=CONNECTED, ok=true, minWireVersion=0, maxWireVersion=25, maxDocumentSize=16777216, logicalSessionTimeoutMinutes=30, roundTripTimeNanos=148031042, minRoundTripTimeNanos=0, setName='atlas-c8llrq-shard-0', canonicalAddress=ac-vhhgy5d-shard-00-02.9mshdom.mongodb.net:27017, hosts=[ac-vhhgy5d-shard-00-00.9mshdom.mongodb.net:27017, ac-vhhgy5d-shard-00-01.9mshdom.mongodb.net:27017, ac-vhhgy5d-shard-00-02.9mshdom.mongodb.net:27017], passives=[], arbiters=[], primary='ac-vhhgy5d-shard-00-01.9mshdom.mongodb.net:27017', tagSet=TagSet{[Tag{name='availabilityZone', value='asia-southeast1-c'}, Tag{name='diskState', value='READY'}, Tag{name='nodeType', value='ELECTABLE'}, Tag{name='provider', value='GCP'}, Tag{name='region', value='SOUTHEASTERN_ASIA_PACIFIC'}, Tag{name='workloadType', value='OPERATIONAL'}]}, electionId=null, setVersion=22, topologyVersion=TopologyVersion{processId=68c45dad6298397cccc9f5de, counter=3}, lastWriteDate=Mon Sep 15 23:34:39 GMT+07:00 2025, lastUpdateTimeNanos=13216157791166}
2025-09-15 23:34:39 - INFO - org.mongodb.driver.cluster - Monitor thread successfully connected to server with description ServerDescription{address=ac-vhhgy5d-shard-00-01.9mshdom.mongodb.net:27017, type=REPLICA_SET_PRIMARY, cryptd=false, state=CONNECTED, ok=true, minWireVersion=0, maxWireVersion=25, maxDocumentSize=16777216, logicalSessionTimeoutMinutes=30, roundTripTimeNanos=143450500, minRoundTripTimeNanos=0, setName='atlas-c8llrq-shard-0', canonicalAddress=ac-vhhgy5d-shard-00-01.9mshdom.mongodb.net:27017, hosts=[ac-vhhgy5d-shard-00-00.9mshdom.mongodb.net:27017, ac-vhhgy5d-shard-00-01.9mshdom.mongodb.net:27017, ac-vhhgy5d-shard-00-02.9mshdom.mongodb.net:27017], passives=[], arbiters=[], primary='ac-vhhgy5d-shard-00-01.9mshdom.mongodb.net:27017', tagSet=TagSet{[Tag{name='availabilityZone', value='asia-southeast1-b'}, Tag{name='diskState', value='READY'}, Tag{name='nodeType', value='ELECTABLE'}, Tag{name='provider', value='GCP'}, Tag{name='region', value='SOUTHEASTERN_ASIA_PACIFIC'}, Tag{name='workloadType', value='OPERATIONAL'}]}, electionId=7fffffff000000000000009d, setVersion=22, topologyVersion=TopologyVersion{processId=68c458fecec02aaa9d2c763e, counter=6}, lastWriteDate=Mon Sep 15 23:34:39 GMT+07:00 2025, lastUpdateTimeNanos=13216157791250}
2025-09-15 23:34:39 - INFO - org.mongodb.driver.cluster - Monitor thread successfully connected to server with description ServerDescription{address=ac-vhhgy5d-shard-00-00.9mshdom.mongodb.net:27017, type=REPLICA_SET_SECONDARY, cryptd=false, state=CONNECTED, ok=true, minWireVersion=0, maxWireVersion=25, maxDocumentSize=16777216, logicalSessionTimeoutMinutes=30, roundTripTimeNanos=143374083, minRoundTripTimeNanos=0, setName='atlas-c8llrq-shard-0', canonicalAddress=ac-vhhgy5d-shard-00-00.9mshdom.mongodb.net:27017, hosts=[ac-vhhgy5d-shard-00-00.9mshdom.mongodb.net:27017, ac-vhhgy5d-shard-00-01.9mshdom.mongodb.net:27017, ac-vhhgy5d-shard-00-02.9mshdom.mongodb.net:27017], passives=[], arbiters=[], primary='ac-vhhgy5d-shard-00-01.9mshdom.mongodb.net:27017', tagSet=TagSet{[Tag{name='availabilityZone', value='asia-southeast1-a'}, Tag{name='diskState', value='READY'}, Tag{name='nodeType', value='ELECTABLE'}, Tag{name='provider', value='GCP'}, Tag{name='region', value='SOUTHEASTERN_ASIA_PACIFIC'}, Tag{name='workloadType', value='OPERATIONAL'}]}, electionId=null, setVersion=22, topologyVersion=TopologyVersion{processId=68c456c2a241e51c4aa5e404, counter=4}, lastWriteDate=Mon Sep 15 23:34:39 GMT+07:00 2025, lastUpdateTimeNanos=13216157791166}
2025-09-15 23:34:39 - INFO - org.mongodb.driver.cluster - Discovered replica set primary ac-vhhgy5d-shard-00-01.9mshdom.mongodb.net:27017 with max election id 7fffffff000000000000009d and max set version 22
2025-09-15 23:34:39 - INFO - o.s.m.s.b.SimpleBrokerMessageHandler - Starting...
2025-09-15 23:34:39 - INFO - o.s.m.s.b.SimpleBrokerMessageHandler - BrokerAvailabilityEvent[available=true, SimpleBrokerMessageHandler [org.springframework.messaging.simp.broker.DefaultSubscriptionRegistry@6c06c17d]]
2025-09-15 23:34:39 - INFO - o.s.m.s.b.SimpleBrokerMessageHandler - Started.
2025-09-15 23:34:39 - INFO - o.s.b.w.e.tomcat.TomcatWebServer - Tomcat started on port 9090 (http) with context path '/'
2025-09-15 23:34:39 - INFO - com.example.gsm.GsmApplication - Started GsmApplication in 0.435 seconds (process running for 287.434)
2025-09-15 23:34:39 - INFO - o.s.b.d.a.ConditionEvaluationDeltaLoggingListener - Condition evaluation unchanged
2025-09-15 23:34:57 - INFO - o.s.b.d.a.LocalDevToolsAutoConfiguration$RestartingClassPathChangeChangedEventListener - Restarting due to 1 class path change (0 additions, 0 deletions, 1 modification)
2025-09-15 23:34:57 - INFO - o.s.b.w.e.tomcat.GracefulShutdown - Commencing graceful shutdown. Waiting for active requests to complete
2025-09-15 23:34:57 - INFO - o.s.b.w.e.tomcat.GracefulShutdown - Graceful shutdown complete
2025-09-15 23:34:57 - INFO - o.s.m.s.b.SimpleBrokerMessageHandler - Stopping...
2025-09-15 23:34:57 - INFO - o.s.m.s.b.SimpleBrokerMessageHandler - BrokerAvailabilityEvent[available=false, SimpleBrokerMessageHandler [org.springframework.messaging.simp.broker.DefaultSubscriptionRegistry@6c06c17d]]
2025-09-15 23:34:57 - INFO - o.s.m.s.b.SimpleBrokerMessageHandler - Stopped.
2025-09-15 23:34:57 - INFO - com.example.gsm.GsmApplication - Starting GsmApplication using Java 23.0.1 with PID 33878 (/Users/nguyenvandai/Downloads/GSM1/GSM/target/classes started by nguyenvandai in /Users/nguyenvandai/Downloads/GSM1/GSM)
2025-09-15 23:34:57 - DEBUG - com.example.gsm.GsmApplication - Running with Spring Boot v3.5.5, Spring v6.2.10
2025-09-15 23:34:57 - INFO - com.example.gsm.GsmApplication - No active profile set, falling back to 1 default profile: "default"
2025-09-15 23:34:57 - INFO - o.s.d.r.c.RepositoryConfigurationDelegate - Bootstrapping Spring Data MongoDB repositories in DEFAULT mode.
2025-09-15 23:34:57 - INFO - o.s.d.r.c.RepositoryConfigurationDelegate - Finished Spring Data repository scanning in 7 ms. Found 8 MongoDB repository interfaces.
2025-09-15 23:34:57 - INFO - o.s.b.w.e.tomcat.TomcatWebServer - Tomcat initialized with port 9090 (http)
2025-09-15 23:34:57 - INFO - o.a.catalina.core.StandardService - Starting service [Tomcat]
2025-09-15 23:34:57 - INFO - o.a.catalina.core.StandardEngine - Starting Servlet engine: [Apache Tomcat/10.1.44]
2025-09-15 23:34:57 - INFO - o.a.c.c.C.[Tomcat].[localhost].[/] - Initializing Spring embedded WebApplicationContext
2025-09-15 23:34:57 - INFO - o.s.b.w.s.c.ServletWebServerApplicationContext - Root WebApplicationContext: initialization completed in 170 ms
2025-09-15 23:34:57 - DEBUG - c.e.gsm.configurations.JwtAuthFilter - Filter 'jwtAuthFilter' configured for use
2025-09-15 23:34:57 - INFO - org.mongodb.driver.client - MongoClient with metadata {"application": {"name": "JapanSim"}, "driver": {"name": "mongo-java-driver|sync|spring-boot", "version": "5.5.1"}, "os": {"type": "Darwin", "name": "Mac OS X", "architecture": "aarch64", "version": "14.4.1"}, "platform": "Java/Oracle Corporation/23.0.1+11-39"} created with settings MongoClientSettings{readPreference=primary, writeConcern=WriteConcern{w=majority, wTimeout=null ms, journal=null}, retryWrites=true, retryReads=true, readConcern=ReadConcern{level=null}, credential=MongoCredential{mechanism=null, userName='DevWork', source='admin', password=<hidden>, mechanismProperties=<hidden>}, transportSettings=null, commandListeners=[], codecRegistry=ProvidersCodecRegistry{codecProviders=[ValueCodecProvider{}, BsonValueCodecProvider{}, DBRefCodecProvider{}, DBObjectCodecProvider{}, DocumentCodecProvider{}, CollectionCodecProvider{}, IterableCodecProvider{}, MapCodecProvider{}, GeoJsonCodecProvider{}, GridFSFileCodecProvider{}, Jsr310CodecProvider{}, JsonObjectCodecProvider{}, BsonCodecProvider{}, EnumCodecProvider{}, com.mongodb.client.model.mql.ExpressionCodecProvider@549bb238, com.mongodb.Jep395RecordCodecProvider@4b2d9007, com.mongodb.KotlinCodecProvider@26e1ee5a]}, loggerSettings=LoggerSettings{maxDocumentLength=1000}, clusterSettings={hosts=[127.0.0.1:27017], srvHost=devwork.9mshdom.mongodb.net, srvServiceName=mongodb, mode=MULTIPLE, requiredClusterType=REPLICA_SET, requiredReplicaSetName='atlas-c8llrq-shard-0', serverSelector='null', clusterListeners='[]', serverSelectionTimeout='30000 ms', localThreshold='15 ms'}, socketSettings=SocketSettings{connectTimeoutMS=10000, readTimeoutMS=0, receiveBufferSize=0, proxySettings=ProxySettings{host=null, port=null, username=null, password=null}}, heartbeatSocketSettings=SocketSettings{connectTimeoutMS=10000, readTimeoutMS=10000, receiveBufferSize=0, proxySettings=ProxySettings{host=null, port=null, username=null, password=null}}, connectionPoolSettings=ConnectionPoolSettings{maxSize=100, minSize=0, maxWaitTimeMS=120000, maxConnectionLifeTimeMS=0, maxConnectionIdleTimeMS=0, maintenanceInitialDelayMS=0, maintenanceFrequencyMS=60000, connectionPoolListeners=[], maxConnecting=2}, serverSettings=ServerSettings{heartbeatFrequencyMS=10000, minHeartbeatFrequencyMS=500, serverMonitoringMode=AUTO, serverListeners='[]', serverMonitorListeners='[]'}, sslSettings=SslSettings{enabled=true, invalidHostNameAllowed=false, context=null}, applicationName='JapanSim', compressorList=[], uuidRepresentation=JAVA_LEGACY, serverApi=null, autoEncryptionSettings=null, dnsClient=null, inetAddressResolver=null, contextProvider=null, timeoutMS=null}
2025-09-15 23:34:57 - INFO - org.mongodb.driver.cluster - Adding discovered server ac-vhhgy5d-shard-00-02.9mshdom.mongodb.net:27017 to client view of cluster
2025-09-15 23:34:57 - INFO - org.mongodb.driver.cluster - Adding discovered server ac-vhhgy5d-shard-00-00.9mshdom.mongodb.net:27017 to client view of cluster
2025-09-15 23:34:57 - INFO - org.mongodb.driver.cluster - Adding discovered server ac-vhhgy5d-shard-00-01.9mshdom.mongodb.net:27017 to client view of cluster
2025-09-15 23:34:57 - INFO - o.s.b.d.a.OptionalLiveReloadServer - LiveReload server is running on port 35729
2025-09-15 23:34:57 - WARN - o.s.b.a.s.s.UserDetailsServiceAutoConfiguration - 

Using generated security password: e1cdb73c-1cca-4d0d-8096-9bc12e840c6d

This generated password is for development use only. Your security configuration must be updated before running your application in production.

2025-09-15 23:34:57 - INFO - o.s.s.c.a.a.c.InitializeUserDetailsBeanManagerConfigurer$InitializeUserDetailsManagerConfigurer - Global AuthenticationManager configured with UserDetailsService bean with name inMemoryUserDetailsManager
2025-09-15 23:34:57 - INFO - o.s.m.s.b.SimpleBrokerMessageHandler - Starting...
2025-09-15 23:34:57 - INFO - o.s.m.s.b.SimpleBrokerMessageHandler - BrokerAvailabilityEvent[available=true, SimpleBrokerMessageHandler [org.springframework.messaging.simp.broker.DefaultSubscriptionRegistry@784db70b]]
2025-09-15 23:34:57 - INFO - o.s.m.s.b.SimpleBrokerMessageHandler - Started.
2025-09-15 23:34:57 - INFO - o.s.b.w.e.tomcat.TomcatWebServer - Tomcat started on port 9090 (http) with context path '/'
2025-09-15 23:34:57 - INFO - com.example.gsm.GsmApplication - Started GsmApplication in 0.395 seconds (process running for 305.442)
2025-09-15 23:34:57 - INFO - o.s.b.d.a.ConditionEvaluationDeltaLoggingListener - Condition evaluation unchanged
2025-09-15 23:34:57 - INFO - org.mongodb.driver.cluster - Monitor thread successfully connected to server with description ServerDescription{address=ac-vhhgy5d-shard-00-00.9mshdom.mongodb.net:27017, type=REPLICA_SET_SECONDARY, cryptd=false, state=CONNECTED, ok=true, minWireVersion=0, maxWireVersion=25, maxDocumentSize=16777216, logicalSessionTimeoutMinutes=30, roundTripTimeNanos=124755917, minRoundTripTimeNanos=0, setName='atlas-c8llrq-shard-0', canonicalAddress=ac-vhhgy5d-shard-00-00.9mshdom.mongodb.net:27017, hosts=[ac-vhhgy5d-shard-00-00.9mshdom.mongodb.net:27017, ac-vhhgy5d-shard-00-01.9mshdom.mongodb.net:27017, ac-vhhgy5d-shard-00-02.9mshdom.mongodb.net:27017], passives=[], arbiters=[], primary='ac-vhhgy5d-shard-00-01.9mshdom.mongodb.net:27017', tagSet=TagSet{[Tag{name='availabilityZone', value='asia-southeast1-a'}, Tag{name='diskState', value='READY'}, Tag{name='nodeType', value='ELECTABLE'}, Tag{name='provider', value='GCP'}, Tag{name='region', value='SOUTHEASTERN_ASIA_PACIFIC'}, Tag{name='workloadType', value='OPERATIONAL'}]}, electionId=null, setVersion=22, topologyVersion=TopologyVersion{processId=68c456c2a241e51c4aa5e404, counter=4}, lastWriteDate=Mon Sep 15 23:34:57 GMT+07:00 2025, lastUpdateTimeNanos=13234235046625}
2025-09-15 23:34:57 - INFO - org.mongodb.driver.cluster - Monitor thread successfully connected to server with description ServerDescription{address=ac-vhhgy5d-shard-00-01.9mshdom.mongodb.net:27017, type=REPLICA_SET_PRIMARY, cryptd=false, state=CONNECTED, ok=true, minWireVersion=0, maxWireVersion=25, maxDocumentSize=16777216, logicalSessionTimeoutMinutes=30, roundTripTimeNanos=124628334, minRoundTripTimeNanos=0, setName='atlas-c8llrq-shard-0', canonicalAddress=ac-vhhgy5d-shard-00-01.9mshdom.mongodb.net:27017, hosts=[ac-vhhgy5d-shard-00-00.9mshdom.mongodb.net:27017, ac-vhhgy5d-shard-00-01.9mshdom.mongodb.net:27017, ac-vhhgy5d-shard-00-02.9mshdom.mongodb.net:27017], passives=[], arbiters=[], primary='ac-vhhgy5d-shard-00-01.9mshdom.mongodb.net:27017', tagSet=TagSet{[Tag{name='availabilityZone', value='asia-southeast1-b'}, Tag{name='diskState', value='READY'}, Tag{name='nodeType', value='ELECTABLE'}, Tag{name='provider', value='GCP'}, Tag{name='region', value='SOUTHEASTERN_ASIA_PACIFIC'}, Tag{name='workloadType', value='OPERATIONAL'}]}, electionId=7fffffff000000000000009d, setVersion=22, topologyVersion=TopologyVersion{processId=68c458fecec02aaa9d2c763e, counter=6}, lastWriteDate=Mon Sep 15 23:34:57 GMT+07:00 2025, lastUpdateTimeNanos=13234235046625}
2025-09-15 23:34:57 - INFO - org.mongodb.driver.cluster - Discovered replica set primary ac-vhhgy5d-shard-00-01.9mshdom.mongodb.net:27017 with max election id 7fffffff000000000000009d and max set version 22
2025-09-15 23:34:57 - INFO - org.mongodb.driver.cluster - Monitor thread successfully connected to server with description ServerDescription{address=ac-vhhgy5d-shard-00-02.9mshdom.mongodb.net:27017, type=REPLICA_SET_SECONDARY, cryptd=false, state=CONNECTED, ok=true, minWireVersion=0, maxWireVersion=25, maxDocumentSize=16777216, logicalSessionTimeoutMinutes=30, roundTripTimeNanos=130224000, minRoundTripTimeNanos=0, setName='atlas-c8llrq-shard-0', canonicalAddress=ac-vhhgy5d-shard-00-02.9mshdom.mongodb.net:27017, hosts=[ac-vhhgy5d-shard-00-00.9mshdom.mongodb.net:27017, ac-vhhgy5d-shard-00-01.9mshdom.mongodb.net:27017, ac-vhhgy5d-shard-00-02.9mshdom.mongodb.net:27017], passives=[], arbiters=[], primary='ac-vhhgy5d-shard-00-01.9mshdom.mongodb.net:27017', tagSet=TagSet{[Tag{name='availabilityZone', value='asia-southeast1-c'}, Tag{name='diskState', value='READY'}, Tag{name='nodeType', value='ELECTABLE'}, Tag{name='provider', value='GCP'}, Tag{name='region', value='SOUTHEASTERN_ASIA_PACIFIC'}, Tag{name='workloadType', value='OPERATIONAL'}]}, electionId=null, setVersion=22, topologyVersion=TopologyVersion{processId=68c45dad6298397cccc9f5de, counter=3}, lastWriteDate=Mon Sep 15 23:34:57 GMT+07:00 2025, lastUpdateTimeNanos=13234240450333}
2025-09-15 23:35:12 - INFO - o.s.b.w.e.tomcat.GracefulShutdown - Commencing graceful shutdown. Waiting for active requests to complete
2025-09-15 23:35:12 - INFO - o.s.b.w.e.tomcat.GracefulShutdown - Graceful shutdown complete
2025-09-15 23:35:12 - INFO - o.s.m.s.b.SimpleBrokerMessageHandler - Stopping...
2025-09-15 23:35:12 - INFO - o.s.m.s.b.SimpleBrokerMessageHandler - BrokerAvailabilityEvent[available=false, SimpleBrokerMessageHandler [org.springframework.messaging.simp.broker.DefaultSubscriptionRegistry@784db70b]]
2025-09-15 23:35:12 - INFO - o.s.m.s.b.SimpleBrokerMessageHandler - Stopped.
2025-09-15 23:36:09 - INFO - com.example.gsm.GsmApplication - Starting GsmApplication using Java 23.0.1 with PID 37922 (/Users/nguyenvandai/Downloads/GSM1/GSM/target/classes started by nguyenvandai in /Users/nguyenvandai/Downloads/GSM1/GSM)
2025-09-15 23:36:09 - DEBUG - com.example.gsm.GsmApplication - Running with Spring Boot v3.5.5, Spring v6.2.10
2025-09-15 23:36:09 - INFO - com.example.gsm.GsmApplication - No active profile set, falling back to 1 default profile: "default"
2025-09-15 23:36:09 - INFO - o.s.b.d.e.DevToolsPropertyDefaultsPostProcessor - Devtools property defaults active! Set 'spring.devtools.add-properties' to 'false' to disable
2025-09-15 23:36:09 - INFO - o.s.b.d.e.DevToolsPropertyDefaultsPostProcessor - For additional web related logging consider setting the 'logging.level.web' property to 'DEBUG'
2025-09-15 23:36:09 - INFO - o.s.d.r.c.RepositoryConfigurationDelegate - Bootstrapping Spring Data MongoDB repositories in DEFAULT mode.
2025-09-15 23:36:09 - INFO - o.s.d.r.c.RepositoryConfigurationDelegate - Finished Spring Data repository scanning in 25 ms. Found 8 MongoDB repository interfaces.
2025-09-15 23:36:10 - INFO - o.s.b.w.e.tomcat.TomcatWebServer - Tomcat initialized with port 9090 (http)
2025-09-15 23:36:10 - INFO - o.a.catalina.core.StandardService - Starting service [Tomcat]
2025-09-15 23:36:10 - INFO - o.a.catalina.core.StandardEngine - Starting Servlet engine: [Apache Tomcat/10.1.44]
2025-09-15 23:36:10 - INFO - o.a.c.c.C.[Tomcat].[localhost].[/] - Initializing Spring embedded WebApplicationContext
2025-09-15 23:36:10 - INFO - o.s.b.w.s.c.ServletWebServerApplicationContext - Root WebApplicationContext: initialization completed in 646 ms
2025-09-15 23:36:10 - DEBUG - c.e.gsm.configurations.JwtAuthFilter - Filter 'jwtAuthFilter' configured for use
2025-09-15 23:36:10 - INFO - org.mongodb.driver.client - MongoClient with metadata {"application": {"name": "JapanSim"}, "driver": {"name": "mongo-java-driver|sync|spring-boot", "version": "5.5.1"}, "os": {"type": "Darwin", "name": "Mac OS X", "architecture": "aarch64", "version": "14.4.1"}, "platform": "Java/Oracle Corporation/23.0.1+11-39"} created with settings MongoClientSettings{readPreference=primary, writeConcern=WriteConcern{w=majority, wTimeout=null ms, journal=null}, retryWrites=true, retryReads=true, readConcern=ReadConcern{level=null}, credential=MongoCredential{mechanism=null, userName='DevWork', source='admin', password=<hidden>, mechanismProperties=<hidden>}, transportSettings=null, commandListeners=[], codecRegistry=ProvidersCodecRegistry{codecProviders=[ValueCodecProvider{}, BsonValueCodecProvider{}, DBRefCodecProvider{}, DBObjectCodecProvider{}, DocumentCodecProvider{}, CollectionCodecProvider{}, IterableCodecProvider{}, MapCodecProvider{}, GeoJsonCodecProvider{}, GridFSFileCodecProvider{}, Jsr310CodecProvider{}, JsonObjectCodecProvider{}, BsonCodecProvider{}, EnumCodecProvider{}, com.mongodb.client.model.mql.ExpressionCodecProvider@1b02b932, com.mongodb.Jep395RecordCodecProvider@72e10c86, com.mongodb.KotlinCodecProvider@92176d7]}, loggerSettings=LoggerSettings{maxDocumentLength=1000}, clusterSettings={hosts=[127.0.0.1:27017], srvHost=devwork.9mshdom.mongodb.net, srvServiceName=mongodb, mode=MULTIPLE, requiredClusterType=REPLICA_SET, requiredReplicaSetName='atlas-c8llrq-shard-0', serverSelector='null', clusterListeners='[]', serverSelectionTimeout='30000 ms', localThreshold='15 ms'}, socketSettings=SocketSettings{connectTimeoutMS=10000, readTimeoutMS=0, receiveBufferSize=0, proxySettings=ProxySettings{host=null, port=null, username=null, password=null}}, heartbeatSocketSettings=SocketSettings{connectTimeoutMS=10000, readTimeoutMS=10000, receiveBufferSize=0, proxySettings=ProxySettings{host=null, port=null, username=null, password=null}}, connectionPoolSettings=ConnectionPoolSettings{maxSize=100, minSize=0, maxWaitTimeMS=120000, maxConnectionLifeTimeMS=0, maxConnectionIdleTimeMS=0, maintenanceInitialDelayMS=0, maintenanceFrequencyMS=60000, connectionPoolListeners=[], maxConnecting=2}, serverSettings=ServerSettings{heartbeatFrequencyMS=10000, minHeartbeatFrequencyMS=500, serverMonitoringMode=AUTO, serverListeners='[]', serverMonitorListeners='[]'}, sslSettings=SslSettings{enabled=true, invalidHostNameAllowed=false, context=null}, applicationName='JapanSim', compressorList=[], uuidRepresentation=JAVA_LEGACY, serverApi=null, autoEncryptionSettings=null, dnsClient=null, inetAddressResolver=null, contextProvider=null, timeoutMS=null}
2025-09-15 23:36:10 - INFO - org.mongodb.driver.cluster - Adding discovered server ac-vhhgy5d-shard-00-02.9mshdom.mongodb.net:27017 to client view of cluster
2025-09-15 23:36:10 - INFO - org.mongodb.driver.cluster - Adding discovered server ac-vhhgy5d-shard-00-00.9mshdom.mongodb.net:27017 to client view of cluster
2025-09-15 23:36:10 - INFO - org.mongodb.driver.cluster - Adding discovered server ac-vhhgy5d-shard-00-01.9mshdom.mongodb.net:27017 to client view of cluster
2025-09-15 23:36:10 - INFO - o.s.b.d.a.OptionalLiveReloadServer - LiveReload server is running on port 35729
2025-09-15 23:36:10 - WARN - o.s.b.a.s.s.UserDetailsServiceAutoConfiguration - 

Using generated security password: 8211bac8-67ac-4a7f-a966-5c19005e6c32

This generated password is for development use only. Your security configuration must be updated before running your application in production.

2025-09-15 23:36:10 - INFO - o.s.s.c.a.a.c.InitializeUserDetailsBeanManagerConfigurer$InitializeUserDetailsManagerConfigurer - Global AuthenticationManager configured with UserDetailsService bean with name inMemoryUserDetailsManager
2025-09-15 23:36:10 - INFO - org.mongodb.driver.cluster - Monitor thread successfully connected to server with description ServerDescription{address=ac-vhhgy5d-shard-00-00.9mshdom.mongodb.net:27017, type=REPLICA_SET_SECONDARY, cryptd=false, state=CONNECTED, ok=true, minWireVersion=0, maxWireVersion=25, maxDocumentSize=16777216, logicalSessionTimeoutMinutes=30, roundTripTimeNanos=338129208, minRoundTripTimeNanos=0, setName='atlas-c8llrq-shard-0', canonicalAddress=ac-vhhgy5d-shard-00-00.9mshdom.mongodb.net:27017, hosts=[ac-vhhgy5d-shard-00-00.9mshdom.mongodb.net:27017, ac-vhhgy5d-shard-00-01.9mshdom.mongodb.net:27017, ac-vhhgy5d-shard-00-02.9mshdom.mongodb.net:27017], passives=[], arbiters=[], primary='ac-vhhgy5d-shard-00-01.9mshdom.mongodb.net:27017', tagSet=TagSet{[Tag{name='availabilityZone', value='asia-southeast1-a'}, Tag{name='diskState', value='READY'}, Tag{name='nodeType', value='ELECTABLE'}, Tag{name='provider', value='GCP'}, Tag{name='region', value='SOUTHEASTERN_ASIA_PACIFIC'}, Tag{name='workloadType', value='OPERATIONAL'}]}, electionId=null, setVersion=22, topologyVersion=TopologyVersion{processId=68c456c2a241e51c4aa5e404, counter=4}, lastWriteDate=Mon Sep 15 23:36:10 GMT+07:00 2025, lastUpdateTimeNanos=13307179184291}
2025-09-15 23:36:10 - INFO - org.mongodb.driver.cluster - Monitor thread successfully connected to server with description ServerDescription{address=ac-vhhgy5d-shard-00-02.9mshdom.mongodb.net:27017, type=REPLICA_SET_SECONDARY, cryptd=false, state=CONNECTED, ok=true, minWireVersion=0, maxWireVersion=25, maxDocumentSize=16777216, logicalSessionTimeoutMinutes=30, roundTripTimeNanos=338124958, minRoundTripTimeNanos=0, setName='atlas-c8llrq-shard-0', canonicalAddress=ac-vhhgy5d-shard-00-02.9mshdom.mongodb.net:27017, hosts=[ac-vhhgy5d-shard-00-00.9mshdom.mongodb.net:27017, ac-vhhgy5d-shard-00-01.9mshdom.mongodb.net:27017, ac-vhhgy5d-shard-00-02.9mshdom.mongodb.net:27017], passives=[], arbiters=[], primary='ac-vhhgy5d-shard-00-01.9mshdom.mongodb.net:27017', tagSet=TagSet{[Tag{name='availabilityZone', value='asia-southeast1-c'}, Tag{name='diskState', value='READY'}, Tag{name='nodeType', value='ELECTABLE'}, Tag{name='provider', value='GCP'}, Tag{name='region', value='SOUTHEASTERN_ASIA_PACIFIC'}, Tag{name='workloadType', value='OPERATIONAL'}]}, electionId=null, setVersion=22, topologyVersion=TopologyVersion{processId=68c45dad6298397cccc9f5de, counter=3}, lastWriteDate=Mon Sep 15 23:36:10 GMT+07:00 2025, lastUpdateTimeNanos=13307179179916}
2025-09-15 23:36:10 - INFO - org.mongodb.driver.cluster - Monitor thread successfully connected to server with description ServerDescription{address=ac-vhhgy5d-shard-00-01.9mshdom.mongodb.net:27017, type=REPLICA_SET_PRIMARY, cryptd=false, state=CONNECTED, ok=true, minWireVersion=0, maxWireVersion=25, maxDocumentSize=16777216, logicalSessionTimeoutMinutes=30, roundTripTimeNanos=338070625, minRoundTripTimeNanos=0, setName='atlas-c8llrq-shard-0', canonicalAddress=ac-vhhgy5d-shard-00-01.9mshdom.mongodb.net:27017, hosts=[ac-vhhgy5d-shard-00-00.9mshdom.mongodb.net:27017, ac-vhhgy5d-shard-00-01.9mshdom.mongodb.net:27017, ac-vhhgy5d-shard-00-02.9mshdom.mongodb.net:27017], passives=[], arbiters=[], primary='ac-vhhgy5d-shard-00-01.9mshdom.mongodb.net:27017', tagSet=TagSet{[Tag{name='availabilityZone', value='asia-southeast1-b'}, Tag{name='diskState', value='READY'}, Tag{name='nodeType', value='ELECTABLE'}, Tag{name='provider', value='GCP'}, Tag{name='region', value='SOUTHEASTERN_ASIA_PACIFIC'}, Tag{name='workloadType', value='OPERATIONAL'}]}, electionId=7fffffff000000000000009d, setVersion=22, topologyVersion=TopologyVersion{processId=68c458fecec02aaa9d2c763e, counter=6}, lastWriteDate=Mon Sep 15 23:36:10 GMT+07:00 2025, lastUpdateTimeNanos=13307179184291}
2025-09-15 23:36:10 - INFO - org.mongodb.driver.cluster - Discovered replica set primary ac-vhhgy5d-shard-00-01.9mshdom.mongodb.net:27017 with max election id 7fffffff000000000000009d and max set version 22
2025-09-15 23:36:10 - INFO - o.s.m.s.b.SimpleBrokerMessageHandler - Starting...
2025-09-15 23:36:10 - INFO - o.s.m.s.b.SimpleBrokerMessageHandler - BrokerAvailabilityEvent[available=true, SimpleBrokerMessageHandler [org.springframework.messaging.simp.broker.DefaultSubscriptionRegistry@45bb7067]]
2025-09-15 23:36:10 - INFO - o.s.m.s.b.SimpleBrokerMessageHandler - Started.
2025-09-15 23:36:10 - INFO - o.s.b.w.e.tomcat.TomcatWebServer - Tomcat started on port 9090 (http) with context path '/'
2025-09-15 23:36:10 - INFO - com.example.gsm.GsmApplication - Started GsmApplication in 1.639 seconds (process running for 1.989)
2025-09-15 23:36:13 - INFO - o.a.c.c.C.[Tomcat].[localhost].[/] - Initializing Spring DispatcherServlet 'dispatcherServlet'
2025-09-15 23:38:24 - INFO - o.s.b.w.e.tomcat.GracefulShutdown - Commencing graceful shutdown. Waiting for active requests to complete
2025-09-15 23:38:24 - INFO - o.s.b.w.e.tomcat.GracefulShutdown - Graceful shutdown complete
2025-09-15 23:38:24 - INFO - o.s.m.s.b.SimpleBrokerMessageHandler - Stopping...
2025-09-15 23:38:24 - INFO - o.s.m.s.b.SimpleBrokerMessageHandler - BrokerAvailabilityEvent[available=false, SimpleBrokerMessageHandler [org.springframework.messaging.simp.broker.DefaultSubscriptionRegistry@45bb7067]]
2025-09-15 23:38:24 - INFO - o.s.m.s.b.SimpleBrokerMessageHandler - Stopped.
